#
# A fatal error has been detected by the Java Runtime Environment:
#
#  SIGSEGV (0xb) at pc=0xb762ad2f, pid=2925, tid=0x87e5ab40
#
# JRE version: Java(TM) SE Runtime Environment (8.0_141-b15) (build 1.8.0_141-b15)
# Java VM: Java HotSpot(TM) Server VM (25.141-b15 mixed mode linux-x86 )
# Problematic frame:
# V  [libjvm.so+0x742d2f]  ObjArrayKlass::oop_follow_contents(ParCompactionManager*, oopDesc*)+0xdf
#
# Failed to write core dump. Core dumps have been disabled. To enable core dumping, try "ulimit -c unlimited" before starting Java again
#
# If you would like to submit a bug report, please visit:
#   http://bugreport.java.com/bugreport/crash.jsp
#

---------------  T H R E A D  ---------------

Current thread (0xb6c13000):  GCTaskThread [stack: 0x87ddb000,0x87e5b000] [id=2931]

siginfo: si_signo: 11 (SIGSEGV), si_code: 1 (SEGV_MAPERR), si_addr: 0x506f1a84

Registers:
EAX=0x86740000, EBX=0x00000100, ECX=0xb6cb5408, EDX=0x506f1a80
ESP=0x87e59ec0, EBP=0x87e59ef8, ESI=0x89268340, EDI=0x89261788
EIP=0xb762ad2f, EFLAGS=0x00010246, CR2=0x506f1a84

Top of Stack: (sp=0x87e59ec0)
0x87e59ec0:   b78fa860 892616b0 00000084 892618bc
0x87e59ed0:   00000080 b6cb5390 00000080 861aa258
0x87e59ee0:   861aa258 892616b0 b6cb5390 76da0142
0x87e59ef0:   b6cb5370 b6cb5378 87e59f98 b7696198
0x87e59f00:   861abd08 b6cb5370 892616b0 79e60143
0x87e59f10:   86109870 889f6360 b6cb5378 00000008
0x87e59f20:   00000001 88031e50 87e59f68 00000007
0x87e59f30:   b6cb53d0 89460918 87e59f58 00000046 

Instructions: (pc=0xb762ad2f)
0xb762ad0f:   89 da 83 e3 1f 88 d9 b8 01 00 00 00 d3 e0 c1 ea
0xb762ad1f:   05 89 c3 a1 38 a8 8f b7 85 1c 90 75 bc 8b 56 04
0xb762ad2f:   8b 5a 04 83 fb 00 0f 8e 0d 01 00 00 f6 c3 01 0f
0xb762ad3f:   85 0a 01 00 00 c1 fb 02 50 53 56 68 20 a8 8f b7 

Register to memory mapping:

EAX=0x86740000 is an unknown value
EBX=0x00000100 is an unknown value
ECX=0xb6cb5408 is an unknown value
EDX=0x506f1a80 is an unknown value
ESP=0x87e59ec0 is an unknown value
EBP=0x87e59ef8 is an unknown value
ESI=
[error occurred during error reporting (printing register info), id 0xb]

Stack: [0x87ddb000,0x87e5b000],  sp=0x87e59ec0,  free space=507k
Native frames: (J=compiled Java code, j=interpreted, Vv=VM code, C=native code)
V  [libjvm.so+0x742d2f]  ObjArrayKlass::oop_follow_contents(ParCompactionManager*, oopDesc*)+0xdf
V  [libjvm.so+0x7ae198]  ParCompactionManager::follow_marking_stacks()+0x128
V  [libjvm.so+0x796d6f]  StealMarkingTask::do_it(GCTaskManager*, unsigned int)+0x25f
V  [libjvm.so+0x468e36]  GCTaskThread::run()+0x106
V  [libjvm.so+0x75e759]  java_start(Thread*)+0x119
C  [libpthread.so.0+0x63bd]  start_thread+0xfd


---------------  P R O C E S S  ---------------

Java Threads: ( => current thread )
  0x823b3800 JavaThread "ajp-nio-8009-exec-164" daemon [_thread_blocked, id=1136, stack(0x8015e000,0x801af000)]
  0x0835bc00 JavaThread "ajp-nio-8009-exec-163" daemon [_thread_blocked, id=1122, stack(0x7ff5e000,0x7ffaf000)]
  0x85a08c00 JavaThread "ajp-nio-8009-exec-162" daemon [_thread_blocked, id=1110, stack(0x7f2bc000,0x7f30d000)]
  0x0835b800 JavaThread "ajp-nio-8009-exec-161" daemon [_thread_blocked, id=1101, stack(0x7f178000,0x7f1c9000)]
  0x85aec000 JavaThread "ajp-nio-8009-exec-160" daemon [_thread_blocked, id=1089, stack(0x8035e000,0x803af000)]
  0x8557f400 JavaThread "ajp-nio-8009-exec-159" daemon [_thread_blocked, id=1082, stack(0x7f26b000,0x7f2bc000)]
  0x87c17c00 JavaThread "ajp-nio-8009-exec-158" daemon [_thread_blocked, id=1067, stack(0x7f127000,0x7f178000)]
  0x87a80400 JavaThread "ajp-nio-8009-exec-157" daemon [_thread_blocked, id=1052, stack(0x82943000,0x82994000)]
  0x826ea000 JavaThread "http-nio-8080-exec-342" daemon [_thread_blocked, id=1051, stack(0x8030d000,0x8035e000)]
  0x826e9800 JavaThread "ajp-nio-8009-exec-156" daemon [_thread_blocked, id=1041, stack(0x7f1c9000,0x7f21a000)]
  0x7f9f9c00 JavaThread "http-nio-8080-exec-341" daemon [_thread_blocked, id=1039, stack(0x7f3af000,0x7f400000)]
  0x87a50c00 JavaThread "ajp-nio-8009-exec-155" daemon [_thread_blocked, id=1035, stack(0x7f35e000,0x7f3af000)]
  0x0835b000 JavaThread "http-nio-8080-exec-340" daemon [_thread_blocked, id=1034, stack(0x7f50d000,0x7f55e000)]
  0x85515400 JavaThread "http-nio-8080-exec-339" daemon [_thread_blocked, id=1027, stack(0x7ffaf000,0x80000000)]
  0x825db800 JavaThread "http-nio-8080-exec-338" daemon [_thread_blocked, id=1026, stack(0x803af000,0x80400000)]
  0x831c2400 JavaThread "http-nio-8080-exec-337" daemon [_thread_blocked, id=1025, stack(0x801af000,0x80200000)]
  0x81ea0400 JavaThread "http-nio-8080-exec-336" daemon [_thread_blocked, id=1024, stack(0x7f21a000,0x7f26b000)]
  0x85a53000 JavaThread "http-nio-8080-exec-335" daemon [_thread_blocked, id=1023, stack(0x7f30d000,0x7f35e000)]
  0x87c92800 JavaThread "http-nio-8080-exec-334" daemon [_thread_blocked, id=1022, stack(0x8010d000,0x8015e000)]
  0x87c6d000 JavaThread "http-nio-8080-exec-333" daemon [_thread_blocked, id=1013, stack(0x7f7af000,0x7f800000)]
  0x7f651400 JavaThread "ajp-nio-8009-AsyncTimeout" daemon [_thread_blocked, id=2988, stack(0x7efe3000,0x7f034000)]
  0x7f64fc00 JavaThread "ajp-nio-8009-Acceptor-0" daemon [_thread_in_native, id=2987, stack(0x7f034000,0x7f085000)]
  0x7f64e400 JavaThread "ajp-nio-8009-ClientPoller-1" daemon [_thread_in_native, id=2986, stack(0x7f085000,0x7f0d6000)]
  0x7f633c00 JavaThread "ajp-nio-8009-ClientPoller-0" daemon [_thread_in_native, id=2985, stack(0x7f0d6000,0x7f127000)]
  0x854dd800 JavaThread "http-nio-8080-AsyncTimeout" daemon [_thread_blocked, id=2974, stack(0x7f55e000,0x7f5af000)]
  0x854dc800 JavaThread "http-nio-8080-Acceptor-0" daemon [_thread_in_native, id=2973, stack(0x7f5af000,0x7f600000)]
  0x85ecec00 JavaThread "http-nio-8080-ClientPoller-1" daemon [_thread_blocked, id=2972, stack(0x7f70d000,0x7f75e000)]
  0x85ece400 JavaThread "http-nio-8080-ClientPoller-0" daemon [_thread_blocked, id=2971, stack(0x7f75e000,0x7f7af000)]
  0x85eb6c00 JavaThread "ContainerBackgroundProcessor[StandardEngine[Catalina]]" daemon [_thread_blocked, id=2960, stack(0x82838000,0x82889000)]
  0x830c9400 JavaThread "NioBlockingSelector.BlockPoller-2" daemon [_thread_in_native, id=2946, stack(0x82baf000,0x82c00000)]
  0x830af000 JavaThread "NioBlockingSelector.BlockPoller-1" daemon [_thread_blocked, id=2945, stack(0x83222000,0x83273000)]
  0x83029800 JavaThread "GC Daemon" daemon [_thread_blocked, id=2944, stack(0x832ae000,0x832ff000)]
  0x85eac000 JavaThread "Service Thread" daemon [_thread_blocked, id=2942, stack(0x856ad000,0x856fe000)]
  0x85ea8c00 JavaThread "C1 CompilerThread2" daemon [_thread_blocked, id=2941, stack(0x856ff000,0x8577f000)]
  0x85ea7400 JavaThread "C2 CompilerThread1" daemon [_thread_blocked, id=2940, stack(0x85780000,0x85800000)]
  0x85ea5400 JavaThread "C2 CompilerThread0" daemon [_thread_blocked, id=2939, stack(0x85b2f000,0x85baf000)]
  0x85ea3800 JavaThread "Signal Dispatcher" daemon [_thread_blocked, id=2938, stack(0x85baf000,0x85c00000)]
  0x85e88800 JavaThread "Finalizer" daemon [_thread_blocked, id=2937, stack(0x85d2e000,0x85d7f000)]
  0x85e85c00 JavaThread "Reference Handler" daemon [_thread_blocked, id=2936, stack(0x8782e000,0x8787f000)]
  0xb6c09000 JavaThread "main" [_thread_in_native, id=2926, stack(0xb6d96000,0xb6de6000)]

Other Threads:
  0x85e81000 VMThread [stack: 0x85d80000,0x85e00000] [id=2935]
  0x85ecf800 WatcherThread [stack: 0x8562d000,0x856ad000] [id=2943]

=>0xb6c13000 (exited) GCTaskThread [stack: 0x87ddb000,0x87e5b000] [id=2931]

VM state:at safepoint (normal execution)

VM Mutex/Monitor currently owned by a thread:  ([mutex/lock_event])
[0xb6c063e0] Threads_lock - owner thread: 0x85e81000
[0xb6c06840] Heap_lock - owner thread: 0x81ea0400

Heap:
 PSYoungGen      total 149504K, used 20324K [0x9d000000, 0xa7800000, 0xa7800000)
  eden space 127232K, 0% used [0x9d000000,0x9d000000,0xa4c40000)
  from space 22272K, 91% used [0xa61c0000,0xa75990a0,0xa7780000)
  to   space 22016K, 0% used [0xa4c40000,0xa4c40000,0xa61c0000)
 ParOldGen       total 235264K, used 232302K [0x88000000, 0x965c0000, 0x9d000000)
  object space 235264K, 98% used [0x88000000,0x962dbad8,0x965c0000)
 Metaspace       used 32640K, capacity 33229K, committed 33304K, reserved 34096K

Card table byte_map: [0x87f03000,0x88000000] byte_map_base: 0x87ac3000

Marking Bits: (ParMarkBitMap*) 0xb78fa820
 Begin Bits: [0x86740000, 0x86f20000)
 End Bits:   [0x86f20000, 0x87700000)

Polling page: 0xb7f30000

CodeCache: size=245760Kb used=28387Kb max_used=28400Kb free=217372Kb
 bounds [0xa7be6000, 0xa97ce000, 0xb6be6000]
 total_blobs=8788 nmethods=8589 adapters=112
 compilation: enabled

Compilation events (10 events):
Event: 59263,222 Thread 0x85ea8c00 nmethod 11278 0xa97a4888 code [0xa97a4b80, 0xa97a5c48]
Event: 59263,268 Thread 0x85ea7400 nmethod 11276 0xa97c4dc8 code [0xa97c4fe0, 0xa97c6458]
Event: 59263,313 Thread 0x85ea8c00 11279       3       org.apache.catalina.webresources.AbstractResourceSet::setInternalPath (29 bytes)
Event: 59263,313 Thread 0x85ea8c00 nmethod 11279 0xa97a17c8 code [0xa97a1900, 0xa97a1b78]
Event: 59263,314 Thread 0x85ea8c00 11280       3       org.apache.catalina.webresources.AbstractResourceSet::setWebAppMount (29 bytes)
Event: 59263,314 Thread 0x85ea8c00 nmethod 11280 0xa97a1348 code [0xa97a1480, 0xa97a16f8]
Event: 59263,316 Thread 0x85ea8c00 11281       3       org.apache.catalina.webresources.AbstractResourceSet::setBase (6 bytes)
Event: 59263,316 Thread 0x85ea8c00 nmethod 11281 0xa97a10c8 code [0xa97a11e0, 0xa97a12c0]
Event: 59263,317 Thread 0x85ea8c00 11282       3       org.apache.catalina.webresources.AbstractResourceSet::setManifest (6 bytes)
Event: 59263,317 Thread 0x85ea8c00 nmethod 11282 0xa97a0d88 code [0xa97a0ea0, 0xa97a0f80]

GC Heap History (10 events):
Event: 59269,096 GC heap after
Heap after GC invocations=2141 (full 67):
 PSYoungGen      total 149248K, used 20380K [0x9d000000, 0xa7800000, 0xa7800000)
  eden space 126720K, 0% used [0x9d000000,0x9d000000,0xa4bc0000)
  from space 22528K, 90% used [0xa6180000,0xa75673f0,0xa7780000)
  to   space 22272K, 0% used [0xa4bc0000,0xa4bc0000,0xa6180000)
 ParOldGen       total 235264K, used 226831K [0x88000000, 0x965c0000, 0x9d000000)
  object space 235264K, 96% used [0x88000000,0x95d83cb8,0x965c0000)
 Metaspace       used 32640K, capacity 33229K, committed 33304K, reserved 34096K
}
Event: 59269,288 GC heap before
{Heap before GC invocations=2142 (full 67):
 PSYoungGen      total 149248K, used 147100K [0x9d000000, 0xa7800000, 0xa7800000)
  eden space 126720K, 100% used [0x9d000000,0xa4bc0000,0xa4bc0000)
  from space 22528K, 90% used [0xa6180000,0xa75673f0,0xa7780000)
  to   space 22272K, 0% used [0xa4bc0000,0xa4bc0000,0xa6180000)
 ParOldGen       total 235264K, used 226831K [0x88000000, 0x965c0000, 0x9d000000)
  object space 235264K, 96% used [0x88000000,0x95d83cb8,0x965c0000)
 Metaspace       used 32640K, capacity 33229K, committed 33304K, reserved 34096K
Event: 59269,322 GC heap after
Heap after GC invocations=2142 (full 67):
 PSYoungGen      total 148992K, used 21481K [0x9d000000, 0xa7800000, 0xa7800000)
  eden space 126720K, 0% used [0x9d000000,0x9d000000,0xa4bc0000)
  from space 22272K, 96% used [0xa4bc0000,0xa60ba6c8,0xa6180000)
  to   space 22528K, 0% used [0xa6200000,0xa6200000,0xa7800000)
 ParOldGen       total 235264K, used 228499K [0x88000000, 0x965c0000, 0x9d000000)
  object space 235264K, 97% used [0x88000000,0x95f24d98,0x965c0000)
 Metaspace       used 32640K, capacity 33229K, committed 33304K, reserved 34096K
}
Event: 59269,509 GC heap before
{Heap before GC invocations=2143 (full 67):
 PSYoungGen      total 148992K, used 148201K [0x9d000000, 0xa7800000, 0xa7800000)
  eden space 126720K, 100% used [0x9d000000,0xa4bc0000,0xa4bc0000)
  from space 22272K, 96% used [0xa4bc0000,0xa60ba6c8,0xa6180000)
  to   space 22528K, 0% used [0xa6200000,0xa6200000,0xa7800000)
 ParOldGen       total 235264K, used 228499K [0x88000000, 0x965c0000, 0x9d000000)
  object space 235264K, 97% used [0x88000000,0x95f24d98,0x965c0000)
 Metaspace       used 32640K, capacity 33229K, committed 33304K, reserved 34096K
Event: 59269,543 GC heap after
Heap after GC invocations=2143 (full 67):
 PSYoungGen      total 149504K, used 20210K [0x9d000000, 0xa7800000, 0xa7800000)
  eden space 126976K, 0% used [0x9d000000,0x9d000000,0xa4c00000)
  from space 22528K, 89% used [0xa6200000,0xa75bcab0,0xa7800000)
  to   space 22528K, 0% used [0xa4c00000,0xa4c00000,0xa6200000)
 ParOldGen       total 235264K, used 230240K [0x88000000, 0x965c0000, 0x9d000000)
  object space 235264K, 97% used [0x88000000,0x960d8388,0x965c0000)
 Metaspace       used 32640K, capacity 33229K, committed 33304K, reserved 34096K
}
Event: 59269,732 GC heap before
{Heap before GC invocations=2144 (full 67):
 PSYoungGen      total 149504K, used 147186K [0x9d000000, 0xa7800000, 0xa7800000)
  eden space 126976K, 100% used [0x9d000000,0xa4c00000,0xa4c00000)
  from space 22528K, 89% used [0xa6200000,0xa75bcab0,0xa7800000)
  to   space 22528K, 0% used [0xa4c00000,0xa4c00000,0xa6200000)
 ParOldGen       total 235264K, used 230240K [0x88000000, 0x965c0000, 0x9d000000)
  object space 235264K, 97% used [0x88000000,0x960d8388,0x965c0000)
 Metaspace       used 32640K, capacity 33229K, committed 33304K, reserved 34096K
Event: 59269,761 GC heap after
Heap after GC invocations=2144 (full 67):
 PSYoungGen      total 147712K, used 20517K [0x9d000000, 0xa7780000, 0xa7800000)
  eden space 126976K, 0% used [0x9d000000,0x9d000000,0xa4c00000)
  from space 20736K, 98% used [0xa4c00000,0xa6009710,0xa6040000)
  to   space 22272K, 0% used [0xa61c0000,0xa61c0000,0xa7780000)
 ParOldGen       total 235264K, used 230637K [0x88000000, 0x965c0000, 0x9d000000)
  object space 235264K, 98% used [0x88000000,0x9613b570,0x965c0000)
 Metaspace       used 32640K, capacity 33229K, committed 33304K, reserved 34096K
}
Event: 59269,949 GC heap before
{Heap before GC invocations=2145 (full 67):
 PSYoungGen      total 147712K, used 147252K [0x9d000000, 0xa7780000, 0xa7800000)
  eden space 126976K, 99% used [0x9d000000,0xa4bc3bc0,0xa4c00000)
  from space 20736K, 98% used [0xa4c00000,0xa6009710,0xa6040000)
  to   space 22272K, 0% used [0xa61c0000,0xa61c0000,0xa7780000)
 ParOldGen       total 235264K, used 230637K [0x88000000, 0x965c0000, 0x9d000000)
  object space 235264K, 98% used [0x88000000,0x9613b570,0x965c0000)
 Metaspace       used 32640K, capacity 33229K, committed 33304K, reserved 34096K
Event: 59269,980 GC heap after
Heap after GC invocations=2145 (full 67):
 PSYoungGen      total 149504K, used 20324K [0x9d000000, 0xa7800000, 0xa7800000)
  eden space 127232K, 0% used [0x9d000000,0x9d000000,0xa4c40000)
  from space 22272K, 91% used [0xa61c0000,0xa75990a0,0xa7780000)
  to   space 22016K, 0% used [0xa4c40000,0xa4c40000,0xa61c0000)
 ParOldGen       total 235264K, used 232302K [0x88000000, 0x965c0000, 0x9d000000)
  object space 235264K, 98% used [0x88000000,0x962dbad8,0x965c0000)
 Metaspace       used 32640K, capacity 33229K, committed 33304K, reserved 34096K
}
Event: 59269,980 GC heap before
{Heap before GC invocations=2146 (full 68):
 PSYoungGen      total 149504K, used 20324K [0x9d000000, 0xa7800000, 0xa7800000)
  eden space 127232K, 0% used [0x9d000000,0x9d000000,0xa4c40000)
  from space 22272K, 91% used [0xa61c0000,0xa75990a0,0xa7780000)
  to   space 22016K, 0% used [0xa4c40000,0xa4c40000,0xa61c0000)
 ParOldGen       total 235264K, used 232302K [0x88000000, 0x965c0000, 0x9d000000)
  object space 235264K, 98% used [0x88000000,0x962dbad8,0x965c0000)
 Metaspace       used 32640K, capacity 33229K, committed 33304K, reserved 34096K

Deoptimization events (10 events):
Event: 56767,726 Thread 0x87c22400 Uncommon trap: reason=unstable_if action=reinterpret pc=0xa876ec14 method=java.util.WeakHashMap.transfer([Ljava/util/WeakHashMap$Entry;[Ljava/util/WeakHashMap$Entry;)V @ 38
Event: 56767,727 Thread 0x87c22400 Uncommon trap: reason=unstable_if action=reinterpret pc=0xa804e894 method=java.util.WeakHashMap.expungeStaleEntries()V @ 53
Event: 56843,009 Thread 0x7f66ac00 Uncommon trap: reason=unstable_if action=reinterpret pc=0xa867776c method=java.util.concurrent.ConcurrentHashMap$TreeNode.findTreeNode(ILjava/lang/Object;Ljava/lang/Class;)Ljava/util/concurrent/ConcurrentHashMap$TreeNode; @ 30
Event: 56876,409 Thread 0x87a50c00 Uncommon trap: reason=unstable_if action=reinterpret pc=0xa7fb5bb4 method=java.util.regex.Pattern$GroupTail.match(Ljava/util/regex/Matcher;ILjava/lang/CharSequence;)Z @ 73
Event: 56876,409 Thread 0x87a50c00 Uncommon trap: reason=unstable_if action=reinterpret pc=0xa7d31728 method=java.util.regex.Pattern$BmpCharProperty.match(Ljava/util/regex/Matcher;ILjava/lang/CharSequence;)Z @ 34
Event: 56876,409 Thread 0x87a50c00 Uncommon trap: reason=unstable_if action=reinterpret pc=0xa7d1c594 method=java.util.regex.Pattern$Branch.match(Ljava/util/regex/Matcher;ILjava/lang/CharSequence;)Z @ 35
Event: 56922,046 Thread 0x85eb6c00 Uncommon trap: reason=unstable_if action=reinterpret pc=0xa8722d80 method=org.apache.catalina.core.ContainerBase$ContainerBackgroundProcessor.processChildren(Lorg/apache/catalina/Container;)V @ 20
Event: 57000,609 Thread 0x85ebbc00 Uncommon trap: reason=unstable_if action=reinterpret pc=0xa86a5d60 method=java.util.TimSort.mergeLo(IIII)V @ 487
Event: 57037,095 Thread 0x8154cc00 Uncommon trap: reason=unstable_if action=reinterpret pc=0xa92f21e0 method=org.apache.coyote.http11.Http11InputBuffer.parseRequestLine(Z)Z @ 92
Event: 57347,712 Thread 0x87c05c00 Uncommon trap: reason=null_check action=make_not_entrant pc=0xa840ba84 method=java.lang.ThreadLocal$ThreadLocalMap.getEntryAfterMiss(Ljava/lang/ThreadLocal;ILjava/lang/ThreadLocal$ThreadLocalMap$Entry;)Ljava/lang/ThreadLocal$ThreadLocalMap$Entry; @ 19

Internal exceptions (10 events):
Event: 57798,796 Thread 0x0835b800 Exception <a 'java/io/FileNotFoundException'> (0xa269b690) thrown at [/HUDSON/workspace/8-2-build-linux-i586/jdk8u141/9370/hotspot/src/share/vm/prims/jni.cpp, line 709]
Event: 57809,150 Thread 0x823b3800 Exception <a 'java/io/FileNotFoundException'> (0x9dfc9320) thrown at [/HUDSON/workspace/8-2-build-linux-i586/jdk8u141/9370/hotspot/src/share/vm/prims/jni.cpp, line 709]
Event: 57817,451 Thread 0x831c2400 Exception <a 'java/lang/Error'> (0x9ec90450) thrown at [/HUDSON/workspace/8-2-build-linux-i586/jdk8u141/9370/hotspot/src/share/vm/oops/instanceKlass.cpp, line 964]
Event: 57817,451 Thread 0x831c2400 Exception <a 'java/lang/reflect/InvocationTargetException'> (0x9ec908c8) thrown at [/HUDSON/workspace/8-2-build-linux-i586/jdk8u141/9370/hotspot/src/share/vm/runtime/reflection.cpp, line 1092]
Event: 58064,527 Thread 0x85a52000 Exception <a 'java/io/FileNotFoundException'> (0xa3e6c958) thrown at [/HUDSON/workspace/8-2-build-linux-i586/jdk8u141/9370/hotspot/src/share/vm/prims/jni.cpp, line 709]
Event: 58075,341 Thread 0x87c05c00 Exception <a 'java/io/FileNotFoundException'> (0xa1e5fa38) thrown at [/HUDSON/workspace/8-2-build-linux-i586/jdk8u141/9370/hotspot/src/share/vm/prims/jni.cpp, line 709]
Event: 58153,769 Thread 0x7e8a5c00 Exception <a 'java/lang/ClassNotFoundException': com/sun/org/glassfish/hk2/osgiresourcelocator/ServiceLoader> (0xa3b44548) thrown at [/HUDSON/workspace/8-2-build-linux-i586/jdk8u141/9370/hotspot/src/share/vm/classfile/systemDictionary.cpp, line 210]
Event: 58175,925 Thread 0x82fe9400 Exception <a 'java/io/FileNotFoundException'> (0xa489b778) thrown at [/HUDSON/workspace/8-2-build-linux-i586/jdk8u141/9370/hotspot/src/share/vm/prims/jni.cpp, line 709]
Event: 58186,425 Thread 0x7f9f9c00 Exception <a 'java/io/FileNotFoundException'> (0xa00bdfc0) thrown at [/HUDSON/workspace/8-2-build-linux-i586/jdk8u141/9370/hotspot/src/share/vm/prims/jni.cpp, line 709]
Event: 58203,244 Thread 0x85a53000 Exception <a 'java/lang/ClassNotFoundException': com/sun/org/glassfish/hk2/osgiresourcelocator/ServiceLoader> (0xa183b8d8) thrown at [/HUDSON/workspace/8-2-build-linux-i586/jdk8u141/9370/hotspot/src/share/vm/classfile/systemDictionary.cpp, line 210]

Events (10 events):
Event: 59268,878 Executing VM operation: ParallelGCFailedAllocation done
Event: 59269,062 Executing VM operation: ParallelGCFailedAllocation
Event: 59269,097 Executing VM operation: ParallelGCFailedAllocation done
Event: 59269,287 Executing VM operation: ParallelGCFailedAllocation
Event: 59269,322 Executing VM operation: ParallelGCFailedAllocation done
Event: 59269,509 Executing VM operation: ParallelGCFailedAllocation
Event: 59269,543 Executing VM operation: ParallelGCFailedAllocation done
Event: 59269,731 Executing VM operation: ParallelGCFailedAllocation
Event: 59269,761 Executing VM operation: ParallelGCFailedAllocation done
Event: 59269,949 Executing VM operation: ParallelGCFailedAllocation


Dynamic libraries:
08048000-08049000 r-xp 00000000 08:01 413196     /usr/lib/jvm/jdk1.8.0_141/jre/bin/java
08049000-0804a000 rw-p 00000000 08:01 413196     /usr/lib/jvm/jdk1.8.0_141/jre/bin/java
08350000-0846d000 rw-p 00000000 00:00 0          [heap]
7cf63000-7d100000 rw-p 00000000 00:00 0 
7d100000-7d273000 rw-p 00000000 00:00 0 
7d273000-7d300000 ---p 00000000 00:00 0 
7d300000-7d340000 rw-p 00000000 00:00 0 
7d340000-7d400000 ---p 00000000 00:00 0 
7d400000-7d429000 rw-p 00000000 00:00 0 
7d429000-7d500000 ---p 00000000 00:00 0 
7d500000-7d600000 rw-p 00000000 00:00 0 
7d600000-7d639000 rw-p 00000000 00:00 0 
7d639000-7d700000 ---p 00000000 00:00 0 
7d700000-7d729000 rw-p 00000000 00:00 0 
7d729000-7d800000 ---p 00000000 00:00 0 
7d800000-7d900000 rw-p 00000000 00:00 0 
7d900000-7da00000 rw-p 00000000 00:00 0 
7da00000-7db00000 rw-p 00000000 00:00 0 
7db00000-7dbfc000 rw-p 00000000 00:00 0 
7dbfc000-7dc00000 ---p 00000000 00:00 0 
7dc00000-7dd00000 rw-p 00000000 00:00 0 
7dd00000-7ddfd000 rw-p 00000000 00:00 0 
7ddfd000-7de00000 ---p 00000000 00:00 0 
7de00000-7df00000 rw-p 00000000 00:00 0 
7df00000-7e000000 rw-p 00000000 00:00 0 
7e000000-7e0fb000 rw-p 00000000 00:00 0 
7e0fb000-7e100000 ---p 00000000 00:00 0 
7e100000-7e200000 rw-p 00000000 00:00 0 
7e200000-7e300000 rw-p 00000000 00:00 0 
7e300000-7e400000 rw-p 00000000 00:00 0 
7e400000-7e500000 rw-p 00000000 00:00 0 
7e500000-7e5f6000 rw-p 00000000 00:00 0 
7e5f6000-7e600000 ---p 00000000 00:00 0 
7e600000-7e700000 rw-p 00000000 00:00 0 
7e700000-7e7fb000 rw-p 00000000 00:00 0 
7e7fb000-7e800000 ---p 00000000 00:00 0 
7e800000-7e8fd000 rw-p 00000000 00:00 0 
7e8fd000-7e900000 ---p 00000000 00:00 0 
7e900000-7ea00000 rw-p 00000000 00:00 0 
7ea00000-7eb00000 rw-p 00000000 00:00 0 
7eb00000-7ebf9000 rw-p 00000000 00:00 0 
7ebf9000-7ec00000 ---p 00000000 00:00 0 
7ec2c000-7ede3000 rw-p 00000000 00:00 0 
7ede3000-7eee3000 rw-p 00000000 00:00 0 
7eee3000-7efe3000 rw-p 00000000 00:00 0 
7efe3000-7efe6000 ---p 00000000 00:00 0 
7efe6000-7f034000 rw-p 00000000 00:00 0 
7f034000-7f037000 ---p 00000000 00:00 0 
7f037000-7f085000 rw-p 00000000 00:00 0 
7f085000-7f088000 ---p 00000000 00:00 0 
7f088000-7f0d6000 rw-p 00000000 00:00 0 
7f0d6000-7f0d9000 ---p 00000000 00:00 0 
7f0d9000-7f127000 rw-p 00000000 00:00 0 
7f127000-7f12a000 ---p 00000000 00:00 0 
7f12a000-7f178000 rw-p 00000000 00:00 0 
7f178000-7f17b000 ---p 00000000 00:00 0 
7f17b000-7f1c9000 rw-p 00000000 00:00 0 
7f1c9000-7f1cc000 ---p 00000000 00:00 0 
7f1cc000-7f21a000 rw-p 00000000 00:00 0 
7f21a000-7f21d000 ---p 00000000 00:00 0 
7f21d000-7f26b000 rw-p 00000000 00:00 0 
7f26b000-7f26e000 ---p 00000000 00:00 0 
7f26e000-7f2bc000 rw-p 00000000 00:00 0 
7f2bc000-7f2bf000 ---p 00000000 00:00 0 
7f2bf000-7f30d000 rw-p 00000000 00:00 0 
7f30d000-7f310000 ---p 00000000 00:00 0 
7f310000-7f35e000 rw-p 00000000 00:00 0 
7f35e000-7f361000 ---p 00000000 00:00 0 
7f361000-7f3af000 rw-p 00000000 00:00 0 
7f3af000-7f3b2000 ---p 00000000 00:00 0 
7f3b2000-7f400000 rw-p 00000000 00:00 0 
7f400000-7f4f9000 rw-p 00000000 00:00 0 
7f4f9000-7f500000 ---p 00000000 00:00 0 
7f50d000-7f510000 ---p 00000000 00:00 0 
7f510000-7f55e000 rw-p 00000000 00:00 0 
7f55e000-7f561000 ---p 00000000 00:00 0 
7f561000-7f5af000 rw-p 00000000 00:00 0 
7f5af000-7f5b2000 ---p 00000000 00:00 0 
7f5b2000-7f600000 rw-p 00000000 00:00 0 
7f600000-7f6fe000 rw-p 00000000 00:00 0 
7f6fe000-7f700000 ---p 00000000 00:00 0 
7f70d000-7f710000 ---p 00000000 00:00 0 
7f710000-7f75e000 rw-p 00000000 00:00 0 
7f75e000-7f761000 ---p 00000000 00:00 0 
7f761000-7f7af000 rw-p 00000000 00:00 0 
7f7af000-7f7b2000 ---p 00000000 00:00 0 
7f7b2000-7f800000 rw-p 00000000 00:00 0 
7f800000-7f8f9000 rw-p 00000000 00:00 0 
7f8f9000-7f900000 ---p 00000000 00:00 0 
7f900000-7f9fb000 rw-p 00000000 00:00 0 
7f9fb000-7fa00000 ---p 00000000 00:00 0 
7fa00000-7faf9000 rw-p 00000000 00:00 0 
7faf9000-7fb00000 ---p 00000000 00:00 0 
7fb00000-7fbfd000 rw-p 00000000 00:00 0 
7fbfd000-7fc00000 ---p 00000000 00:00 0 
7fc00000-7fcf9000 rw-p 00000000 00:00 0 
7fcf9000-7fd00000 ---p 00000000 00:00 0 
7fd00000-7fe00000 rw-p 00000000 00:00 0 
7fe00000-7fefa000 rw-p 00000000 00:00 0 
7fefa000-7ff00000 ---p 00000000 00:00 0 
7ff0d000-7ff10000 ---p 00000000 00:00 0 
7ff10000-7ff5e000 rw-p 00000000 00:00 0 
7ff5e000-7ff61000 ---p 00000000 00:00 0 
7ff61000-7ffaf000 rw-p 00000000 00:00 0 
7ffaf000-7ffb2000 ---p 00000000 00:00 0 
7ffb2000-80000000 rw-p 00000000 00:00 0 
80000000-800ff000 rw-p 00000000 00:00 0 
800ff000-80100000 ---p 00000000 00:00 0 
8010d000-80110000 ---p 00000000 00:00 0 
80110000-8015e000 rw-p 00000000 00:00 0 
8015e000-80161000 ---p 00000000 00:00 0 
80161000-801af000 rw-p 00000000 00:00 0 
801af000-801b2000 ---p 00000000 00:00 0 
801b2000-80200000 rw-p 00000000 00:00 0 
80200000-802be000 rw-p 00000000 00:00 0 
802be000-80300000 ---p 00000000 00:00 0 
8030d000-80310000 ---p 00000000 00:00 0 
80310000-8035e000 rw-p 00000000 00:00 0 
8035e000-80361000 ---p 00000000 00:00 0 
80361000-803af000 rw-p 00000000 00:00 0 
803af000-803b2000 ---p 00000000 00:00 0 
803b2000-80400000 rw-p 00000000 00:00 0 
80400000-804f9000 rw-p 00000000 00:00 0 
804f9000-80500000 ---p 00000000 00:00 0 
80500000-80600000 rw-p 00000000 00:00 0 
80600000-806fd000 rw-p 00000000 00:00 0 
806fd000-80700000 ---p 00000000 00:00 0 
80700000-80800000 rw-p 00000000 00:00 0 
80800000-808f9000 rw-p 00000000 00:00 0 
808f9000-80900000 ---p 00000000 00:00 0 
80900000-809ff000 rw-p 00000000 00:00 0 
809ff000-80a00000 ---p 00000000 00:00 0 
80a00000-80aff000 rw-p 00000000 00:00 0 
80aff000-80b00000 ---p 00000000 00:00 0 
80b00000-80bfb000 rw-p 00000000 00:00 0 
80bfb000-80c00000 ---p 00000000 00:00 0 
80c00000-80cff000 rw-p 00000000 00:00 0 
80cff000-80d00000 ---p 00000000 00:00 0 
80d00000-80df9000 rw-p 00000000 00:00 0 
80df9000-80e00000 ---p 00000000 00:00 0 
80e00000-80efd000 rw-p 00000000 00:00 0 
80efd000-80f00000 ---p 00000000 00:00 0 
80f00000-81000000 rw-p 00000000 00:00 0 
81000000-810a3000 rw-p 00000000 00:00 0 
810a3000-81100000 ---p 00000000 00:00 0 
81100000-811cc000 rw-p 00000000 00:00 0 
811cc000-81200000 ---p 00000000 00:00 0 
81200000-812fe000 rw-p 00000000 00:00 0 
812fe000-81300000 ---p 00000000 00:00 0 
81300000-81400000 rw-p 00000000 00:00 0 
81400000-814f9000 rw-p 00000000 00:00 0 
814f9000-81500000 ---p 00000000 00:00 0 
81500000-815f9000 rw-p 00000000 00:00 0 
815f9000-81600000 ---p 00000000 00:00 0 
81600000-816ec000 rw-p 00000000 00:00 0 
816ec000-81700000 ---p 00000000 00:00 0 
81700000-817f9000 rw-p 00000000 00:00 0 
817f9000-81800000 ---p 00000000 00:00 0 
81800000-818f5000 rw-p 00000000 00:00 0 
818f5000-81900000 ---p 00000000 00:00 0 
81900000-81a00000 rw-p 00000000 00:00 0 
81a00000-81afb000 rw-p 00000000 00:00 0 
81afb000-81b00000 ---p 00000000 00:00 0 
81b00000-81bfd000 rw-p 00000000 00:00 0 
81bfd000-81c00000 ---p 00000000 00:00 0 
81c00000-81d00000 rw-p 00000000 00:00 0 
81d00000-81df9000 rw-p 00000000 00:00 0 
81df9000-81e00000 ---p 00000000 00:00 0 
81e00000-81f00000 rw-p 00000000 00:00 0 
81f00000-81ff9000 rw-p 00000000 00:00 0 
81ff9000-82000000 ---p 00000000 00:00 0 
82000000-820fb000 rw-p 00000000 00:00 0 
820fb000-82100000 ---p 00000000 00:00 0 
82100000-821fe000 rw-p 00000000 00:00 0 
821fe000-82200000 ---p 00000000 00:00 0 
82200000-822fc000 rw-p 00000000 00:00 0 
822fc000-82300000 ---p 00000000 00:00 0 
82300000-823f2000 rw-p 00000000 00:00 0 
823f2000-82400000 ---p 00000000 00:00 0 
82400000-82500000 rw-p 00000000 00:00 0 
82500000-826fb000 rw-p 00000000 00:00 0 
826fb000-82700000 ---p 00000000 00:00 0 
82700000-827fc000 rw-p 00000000 00:00 0 
827fc000-82800000 ---p 00000000 00:00 0 
82838000-8283b000 ---p 00000000 00:00 0 
8283b000-82889000 rw-p 00000000 00:00 0 
82889000-8288e000 r--s 002f9000 08:01 141677     /usr/lib/jvm/jdk1.8.0_141/jre/lib/charsets.jar
8288e000-828a1000 r--s 00345000 08:01 141819     /usr/lib/jvm/jdk1.8.0_141/jre/lib/resources.jar
828a1000-828ab000 r--s 000ae000 08:01 145527     /opt/dp2/shared/lib/javassist-3.20.0-GA.jar
828ab000-828d5000 r--s 001e9000 08:01 145510     /opt/dp2/shared/lib/guava-15.0.jar
828d5000-828ea000 r--s 000d1000 08:01 145547     /opt/dp2/shared/lib/jersey-server-2.25.1.jar
828ea000-828ef000 r--s 0002a000 08:01 145509     /opt/dp2/shared/lib/gson-2.2.4.jar
828ef000-828f2000 r--s 00014000 08:01 145520     /opt/dp2/shared/lib/jackson-dataformat-xml-2.4.2.jar
828f2000-828f5000 ---p 00000000 00:00 0 
828f5000-82943000 rw-p 00000000 00:00 0 
82943000-82946000 ---p 00000000 00:00 0 
82946000-82994000 rw-p 00000000 00:00 0 
82995000-82998000 r--s 0001b000 08:01 145564     /opt/dp2/shared/lib/wadl-core-1.1.6.jar
82998000-829a7000 r--s 000ee000 08:01 145495     /opt/dp2/shared/lib/ant-1.6.5.jar
829a7000-829ae000 r--s 00058000 08:01 145499     /opt/dp2/shared/lib/commons-lang3-3.2.1.jar
829ae000-829b2000 r--s 00034000 08:01 145517     /opt/dp2/shared/lib/jackson-core-2.4.2.jar
829b2000-829b8000 r--s 00028000 08:01 145511     /opt/dp2/shared/lib/hk2-api-2.5.0-b32.jar
829b8000-829b9000 r--s 00001000 08:01 145529     /opt/dp2/shared/lib/javax.inject-2.5.0-b32.jar
829b9000-829c9000 r--s 0007d000 08:01 145548     /opt/dp2/shared/lib/joda-time-2.2.jar
829c9000-829cb000 r--s 00005000 08:01 145528     /opt/dp2/shared/lib/javax.annotation-api-1.2.jar
829cb000-829ce000 r--s 0001e000 08:01 145513     /opt/dp2/shared/lib/hk2-utils-2.5.0-b32.jar
829ce000-829d0000 r--s 00005000 08:01 145545     /opt/dp2/shared/lib/jersey-media-moxy-2.25.1.jar
829d0000-829d2000 r--s 0000e000 08:01 145493     /opt/dp2/shared/lib/activation-1.1.jar
829d2000-829ea000 r--s 000d6000 08:01 145543     /opt/dp2/shared/lib/jersey-guava-2.25.1.jar
829ea000-829f3000 r--s 00047000 08:01 145521     /opt/dp2/shared/lib/jackson-dataformat-yaml-2.4.2.jar
829f3000-829f4000 r--s 00004000 08:01 145556     /opt/dp2/shared/lib/osgi-resource-locator-1.0.1.jar
829f4000-829f5000 r--s 00004000 08:01 145565     /opt/dp2/shared/lib/wadl-xslt-1.1.6.jar
829f5000-829f7000 r--s 00003000 08:01 145539     /opt/dp2/shared/lib/jersey-container-servlet-2.25.1.jar
829f7000-829fa000 r--s 0000e000 08:01 145546     /opt/dp2/shared/lib/jersey-media-multipart-2.25.1.jar
829fa000-829fe000 r--s 00035000 08:01 145518     /opt/dp2/shared/lib/jackson-core-asl-1.9.11.jar
829fe000-82a02000 r--s 00026000 08:01 145537     /opt/dp2/shared/lib/jersey-client-2.25.1.jar
82a02000-82a04000 r--s 0000f000 08:01 145550     /opt/dp2/shared/lib/jsonschema2pojo-core-0.4.0.jar
82a04000-82a06000 r--s 00005000 08:01 145559     /opt/dp2/shared/lib/slf4j-api-1.6.3.jar
82a06000-82a0a000 r--s 00024000 08:01 145560     /opt/dp2/shared/lib/stax2-api-3.1.4.jar
82a0a000-82a14000 r--s 00061000 08:01 145541     /opt/dp2/shared/lib/jersey-core-1.19.1.jar
82a14000-82a19000 r--s 00041000 08:01 145498     /opt/dp2/shared/lib/commons-lang-2.6.jar
82a19000-82a28000 r--s 000b0000 08:01 145525     /opt/dp2/shared/lib/jackson-mapper-asl-1.9.11.jar
82a28000-82a2c000 r--s 0000f000 08:01 145494     /opt/dp2/shared/lib/annotations-2.0.1.jar
82a2c000-82a2d000 r--s 00001000 08:01 145508     /opt/dp2/shared/lib/comresrcgen-1.0.jar
82a2d000-82a31000 r--s 00019000 08:01 145531     /opt/dp2/shared/lib/javax.ws.rs-api-2.0.1.jar
82a31000-82a34000 r--s 0002b000 08:01 145512     /opt/dp2/shared/lib/hk2-locator-2.5.0-b32.jar
82a34000-82a75000 r--s 004d2000 08:01 145554     /opt/dp2/shared/lib/org.eclipse.persistence.core-2.6.0.jar
82a75000-82a78000 r--s 0000f000 08:01 145542     /opt/dp2/shared/lib/jersey-entity-filtering-2.25.1.jar
82a78000-82a7b000 r--s 00012000 08:01 145530     /opt/dp2/shared/lib/javax.json-1.0.4.jar
82a7b000-82a8c000 r--s 000ed000 08:01 145535     /opt/dp2/shared/lib/jaxb-xjc-2.2.11.jar
82a8c000-82a8f000 r--s 00020000 08:01 145557     /opt/dp2/shared/lib/reflections-0.9.9.jar
82a8f000-82a91000 r--s 00010000 08:01 145544     /opt/dp2/shared/lib/jersey-media-jaxb-2.25.1.jar
82a91000-82a92000 r--s 00001000 08:01 145551     /opt/dp2/shared/lib/localizer-1.0.jar
82a92000-82a98000 r--s 00049000 08:01 145553     /opt/dp2/shared/lib/org.eclipse.persistence.asm-2.6.0.jar
82a98000-82aa6000 r--s 000a1000 08:01 145538     /opt/dp2/shared/lib/jersey-common-2.25.1.jar
82aa6000-82aa8000 r--s 0000b000 08:01 145522     /opt/dp2/shared/lib/jackson-datatype-joda-2.4.2.jar
82aa8000-82aaa000 r--s 00003000 08:01 145524     /opt/dp2/shared/lib/jackson-jaxrs-json-provider-2.4.2.jar
82aaa000-82aab000 r--s 00007000 08:01 145526     /opt/dp2/shared/lib/jackson-module-jaxb-annotations-2.4.2.jar
82aab000-82aaf000 r--s 00022000 08:01 145497     /opt/dp2/shared/lib/codemodel-2.6.jar
82aaf000-82baf000 rw-p 00000000 00:00 0 
82baf000-82bb2000 ---p 00000000 00:00 0 
82bb2000-82d00000 rw-p 00000000 00:00 0 
82d00000-82e00000 rw-p 00000000 00:00 0 
82e00000-82f00000 rw-p 00000000 00:00 0 
82f00000-82ffb000 rw-p 00000000 00:00 0 
82ffb000-83000000 ---p 00000000 00:00 0 
83000000-830f8000 rw-p 00000000 00:00 0 
830f8000-83100000 ---p 00000000 00:00 0 
83100000-831fd000 rw-p 00000000 00:00 0 
831fd000-83200000 ---p 00000000 00:00 0 
83200000-83211000 r--s 000f6000 08:01 145519     /opt/dp2/shared/lib/jackson-databind-2.4.2.jar
83211000-83222000 r--s 000eb000 08:01 145534     /opt/dp2/shared/lib/jaxb-runtime-2.2.11.jar
83222000-83225000 ---p 00000000 00:00 0 
83225000-83273000 rw-p 00000000 00:00 0 
83273000-832a6000 r-xp 00000000 08:01 141642     /usr/lib/jvm/jdk1.8.0_141/jre/lib/i386/libsunec.so
832a6000-832aa000 rw-p 00032000 08:01 141642     /usr/lib/jvm/jdk1.8.0_141/jre/lib/i386/libsunec.so
832aa000-832ae000 rw-p 00000000 00:00 0 
832ae000-832b1000 ---p 00000000 00:00 0 
832b1000-84f00000 rw-p 00000000 00:00 0 
84f00000-84ffe000 rw-p 00000000 00:00 0 
84ffe000-85000000 ---p 00000000 00:00 0 
85000000-85100000 rw-p 00000000 00:00 0 
85100000-85200000 rw-p 00000000 00:00 0 
85200000-852fe000 rw-p 00000000 00:00 0 
852fe000-85300000 ---p 00000000 00:00 0 
85300000-853fc000 rw-p 00000000 00:00 0 
853fc000-85400000 ---p 00000000 00:00 0 
85400000-85500000 rw-p 00000000 00:00 0 
85500000-855fe000 rw-p 00000000 00:00 0 
855fe000-85600000 ---p 00000000 00:00 0 
85600000-85603000 r--s 0000e000 08:01 145540     /opt/dp2/shared/lib/jersey-container-servlet-core-2.25.1.jar
85603000-85605000 r--s 00005000 08:01 145515     /opt/dp2/shared/lib/istack-commons-tools-2.21.jar
85605000-85609000 r--s 0000c000 08:01 145562     /opt/dp2/shared/lib/validation-api-1.1.0.Final.jar
85609000-8560c000 r--s 0001e000 08:01 145536     /opt/dp2/shared/lib/jersey-client-1.19.1.jar
8560c000-8560f000 r--s 00016000 08:01 145532     /opt/dp2/shared/lib/jaxb-api-2.2.12-b140109.1041.jar
8560f000-8562b000 r-xp 00000000 08:01 1957       /lib/i386-linux-gnu/libgcc_s.so.1
8562b000-8562c000 rw-p 0001b000 08:01 1957       /lib/i386-linux-gnu/libgcc_s.so.1
8562c000-8562d000 ---p 00000000 00:00 0 
8562d000-856ad000 rw-p 00000000 00:00 0 
856ad000-856b0000 ---p 00000000 00:00 0 
856b0000-856fe000 rw-p 00000000 00:00 0 
856fe000-856ff000 ---p 00000000 00:00 0 
856ff000-85702000 ---p 00000000 00:00 0 
85702000-8577f000 rw-p 00000000 00:00 0 
8577f000-85780000 ---p 00000000 00:00 0 
85780000-85783000 ---p 00000000 00:00 0 
85783000-85800000 rw-p 00000000 00:00 0 
85800000-85a00000 r--p 00000000 08:01 260439     /usr/lib/locale/locale-archive
85a00000-85b00000 rw-p 00000000 00:00 0 
85b00000-85b01000 r--s 00001000 08:01 145563     /opt/dp2/shared/lib/wadl-ant-1.1.6.jar
85b01000-85b02000 r--s 00006000 08:01 145523     /opt/dp2/shared/lib/jackson-jaxrs-base-2.4.2.jar
85b02000-85b07000 r--s 00021000 08:01 145533     /opt/dp2/shared/lib/jaxb-core-2.2.11.jar
85b07000-85b0f000 r--s 00045000 08:01 145558     /opt/dp2/shared/lib/rngom-2.2.11.jar
85b0f000-85b11000 r--s 0000e000 08:01 145552     /opt/dp2/shared/lib/mimepull-1.9.6.jar
85b11000-85b14000 r--s 00007000 08:01 145516     /opt/dp2/shared/lib/jackson-annotations-2.4.0.jar
85b14000-85b16000 r--s 00002000 08:01 145496     /opt/dp2/shared/lib/aopalliance-repackaged-2.5.0-b32.jar
85b16000-85b1f000 r--s 00093000 08:01 145555     /opt/dp2/shared/lib/org.eclipse.persistence.moxy-2.6.0.jar
85b1f000-85b21000 r--s 0000f000 08:01 145561     /opt/dp2/shared/lib/txw2-2.2.11.jar
85b21000-85b28000 r--s 0005e000 08:01 145566     /opt/dp2/shared/lib/xsom-20140925.jar
85b28000-85b2e000 r--s 0003f000 08:01 141681     /usr/lib/jvm/jdk1.8.0_141/jre/lib/ext/sunjce_provider.jar
85b2e000-85b2f000 ---p 00000000 00:00 0 
85b2f000-85b32000 ---p 00000000 00:00 0 
85b32000-85baf000 rw-p 00000000 00:00 0 
85baf000-85bb2000 ---p 00000000 00:00 0 
85bb2000-85c00000 rw-p 00000000 00:00 0 
85c00000-85cf4000 rw-p 00000000 00:00 0 
85cf4000-85d00000 ---p 00000000 00:00 0 
85d00000-85d02000 r--s 00002000 08:01 181896     /opt/tomcat/apache-tomcat-8.5.20/webapps/Neo4JSimpleXML/WEB-INF/lib/swagger-annotations-1.5.0.jar
85d02000-85d1e000 r--s 00393000 08:01 141679     /usr/lib/jvm/jdk1.8.0_141/jre/lib/ext/cldrdata.jar
85d1e000-85d2d000 r-xp 00000000 08:01 141620     /usr/lib/jvm/jdk1.8.0_141/jre/lib/i386/libnio.so
85d2d000-85d2e000 rw-p 0000e000 08:01 141620     /usr/lib/jvm/jdk1.8.0_141/jre/lib/i386/libnio.so
85d2e000-85d31000 ---p 00000000 00:00 0 
85d31000-85d7f000 rw-p 00000000 00:00 0 
85d7f000-85d80000 ---p 00000000 00:00 0 
85d80000-85e00000 rw-p 00000000 00:00 0 
85e00000-85f00000 rw-p 00000000 00:00 0 
85f00000-85f03000 r--s 00017000 08:01 181900     /opt/tomcat/apache-tomcat-8.5.20/webapps/Neo4JSimpleXML/WEB-INF/lib/swagger-models-1.5.0.jar
85f03000-85f05000 r--s 00010000 08:01 181898     /opt/tomcat/apache-tomcat-8.5.20/webapps/Neo4JSimpleXML/WEB-INF/lib/swagger-jaxrs-1.5.0.jar
85f05000-85f07000 r--s 00009000 08:01 141680     /usr/lib/jvm/jdk1.8.0_141/jre/lib/ext/sunec.jar
85f07000-85f0c000 r--s 0009a000 08:01 141829     /usr/lib/jvm/jdk1.8.0_141/jre/lib/jsse.jar
85f0c000-85f21000 r-xp 00000000 08:01 141663     /usr/lib/jvm/jdk1.8.0_141/jre/lib/i386/libnet.so
85f21000-85f22000 rw-p 00015000 08:01 141663     /usr/lib/jvm/jdk1.8.0_141/jre/lib/i386/libnet.so
85f22000-860fc000 r--s 03d4d000 08:01 141825     /usr/lib/jvm/jdk1.8.0_141/jre/lib/rt.jar
860fc000-86542000 rw-p 00000000 00:00 0 
86542000-86548000 ---p 00000000 00:00 0 
86548000-87700000 rw-p 00000000 00:00 0 
87700000-877fd000 rw-p 00000000 00:00 0 
877fd000-87800000 ---p 00000000 00:00 0 
87800000-87801000 r--s 00005000 08:01 145514     /opt/dp2/shared/lib/istack-commons-runtime-2.21.jar
87801000-87804000 r--s 0001a000 08:01 141669     /usr/lib/jvm/jdk1.8.0_141/jre/lib/jce.jar
87804000-8780e000 r--s 00116000 08:01 141799     /usr/lib/jvm/jdk1.8.0_141/jre/lib/ext/localedata.jar
8780e000-87816000 r-xp 00000000 08:01 141605     /usr/lib/jvm/jdk1.8.0_141/jre/lib/i386/libmanagement.so
87816000-87817000 rw-p 00007000 08:01 141605     /usr/lib/jvm/jdk1.8.0_141/jre/lib/i386/libmanagement.so
87817000-87819000 r--s 0000a000 08:01 142372     /opt/tomcat/apache-tomcat-8.5.20/bin/tomcat-juli.jar
87819000-8781b000 r--s 00007000 08:01 142355     /opt/tomcat/apache-tomcat-8.5.20/bin/bootstrap.jar
8781b000-8781e000 r--s 00007000 08:01 144297     /opt/tomcat/apache-tomcat-8.5.20/lib/websocket-api.jar
8781e000-87822000 r--s 00031000 08:01 144296     /opt/tomcat/apache-tomcat-8.5.20/lib/tomcat-websocket.jar
87822000-87825000 r--s 0001e000 08:01 144295     /opt/tomcat/apache-tomcat-8.5.20/lib/tomcat-util.jar
87825000-87829000 r--s 0002e000 08:01 144294     /opt/tomcat/apache-tomcat-8.5.20/lib/tomcat-util-scan.jar
87829000-8782b000 r--s 00007000 08:01 144293     /opt/tomcat/apache-tomcat-8.5.20/lib/tomcat-jni.jar
8782b000-8782e000 r--s 00021000 08:01 144292     /opt/tomcat/apache-tomcat-8.5.20/lib/tomcat-jdbc.jar
8782e000-87831000 ---p 00000000 00:00 0 
87831000-8787f000 rw-p 00000000 00:00 0 
8787f000-87880000 ---p 00000000 00:00 0 
87880000-87900000 rw-p 00000000 00:00 0 
87900000-879fc000 rw-p 00000000 00:00 0 
879fc000-87a00000 ---p 00000000 00:00 0 
87a00000-87afc000 rw-p 00000000 00:00 0 
87afc000-87b00000 ---p 00000000 00:00 0 
87b00000-87b01000 r--s 00003000 08:01 145549     /opt/dp2/shared/lib/json-simple-1.1.jar
87b01000-87b03000 r--s 00009000 08:01 144291     /opt/tomcat/apache-tomcat-8.5.20/lib/tomcat-i18n-ja.jar
87b03000-87b06000 r--s 0000e000 08:01 144289     /opt/tomcat/apache-tomcat-8.5.20/lib/tomcat-i18n-es.jar
87b06000-87b11000 r--s 000b4000 08:01 144287     /opt/tomcat/apache-tomcat-8.5.20/lib/tomcat-coyote.jar
87b11000-87b24000 r--s 00244000 08:01 144279     /opt/tomcat/apache-tomcat-8.5.20/lib/ecj-4.6.3.jar
87b24000-87b7f000 rw-p 00000000 00:00 0 
87b7f000-87b80000 ---p 00000000 00:00 0 
87b80000-87c00000 rw-p 00000000 00:00 0 
87c00000-87cce000 rw-p 00000000 00:00 0 
87cce000-87d00000 ---p 00000000 00:00 0 
87d00000-87d02000 r--s 00008000 08:01 144290     /opt/tomcat/apache-tomcat-8.5.20/lib/tomcat-i18n-fr.jar
87d02000-87d06000 r--s 0003a000 08:01 144288     /opt/tomcat/apache-tomcat-8.5.20/lib/tomcat-dbcp.jar
87d06000-87d0a000 r--s 00038000 08:01 144285     /opt/tomcat/apache-tomcat-8.5.20/lib/servlet-api.jar
87d0a000-87d59000 rw-p 00000000 00:00 0 
87d59000-87d5a000 ---p 00000000 00:00 0 
87d5a000-87dda000 rw-p 00000000 00:00 0 
87dda000-87ddb000 ---p 00000000 00:00 0 
87ddb000-87ece000 rw-p 00000000 00:00 0 
87ece000-87f03000 ---p 00000000 00:00 0 
87f03000-87f76000 rw-p 00000000 00:00 0 
87f76000-87fab000 ---p 00000000 00:00 0 
87fab000-87fff000 rw-p 00000000 00:00 0 
87fff000-965c0000 rw-p 00000000 00:00 0 
965c0000-9d000000 ---p 00000000 00:00 0 
9d000000-a7800000 rw-p 00000000 00:00 0 
a7800000-a7801000 r--s 00001000 08:01 181899     /opt/tomcat/apache-tomcat-8.5.20/webapps/Neo4JSimpleXML/WEB-INF/lib/swagger-jersey2-jaxrs-1.5.0.jar
a7801000-a7804000 r--s 0000d000 08:01 144284     /opt/tomcat/apache-tomcat-8.5.20/lib/jsp-api.jar
a7804000-a7806000 r--s 00005000 08:01 144283     /opt/tomcat/apache-tomcat-8.5.20/lib/jaspic-api.jar
a7806000-a780d000 r--s 00089000 08:01 144282     /opt/tomcat/apache-tomcat-8.5.20/lib/jasper.jar
a780d000-a7810000 r--s 00025000 08:01 144281     /opt/tomcat/apache-tomcat-8.5.20/lib/jasper-el.jar
a7810000-a7812000 r--s 00012000 08:01 144280     /opt/tomcat/apache-tomcat-8.5.20/lib/el-api.jar
a7812000-a7826000 r--s 00176000 08:01 144278     /opt/tomcat/apache-tomcat-8.5.20/lib/catalina.jar
a7826000-a7896000 rw-p 00000000 00:00 0 
a7896000-a7be6000 ---p 00000000 00:00 0 
a7be6000-a97ce000 rwxp 00000000 00:00 0 
a97ce000-b6be6000 ---p 00000000 00:00 0 
b6be6000-b6bff000 r-xp 00000000 08:01 141665     /usr/lib/jvm/jdk1.8.0_141/jre/lib/i386/libzip.so
b6bff000-b6c00000 rw-p 00019000 08:01 141665     /usr/lib/jvm/jdk1.8.0_141/jre/lib/i386/libzip.so
b6c00000-b6cfe000 rw-p 00000000 00:00 0 
b6cfe000-b6d00000 ---p 00000000 00:00 0 
b6d00000-b6d01000 r--s 0000b000 08:01 181897     /opt/tomcat/apache-tomcat-8.5.20/webapps/Neo4JSimpleXML/WEB-INF/lib/swagger-core-1.5.0.jar
b6d01000-b6d06000 r--s 00040000 08:01 144277     /opt/tomcat/apache-tomcat-8.5.20/lib/catalina-tribes.jar
b6d06000-b6d08000 r--s 00011000 08:01 144276     /opt/tomcat/apache-tomcat-8.5.20/lib/catalina-storeconfig.jar
b6d08000-b6d14000 r-xp 00000000 08:01 30212      /lib/i386-linux-gnu/libnss_files-2.27.so
b6d14000-b6d15000 r--p 0000b000 08:01 30212      /lib/i386-linux-gnu/libnss_files-2.27.so
b6d15000-b6d16000 rw-p 0000c000 08:01 30212      /lib/i386-linux-gnu/libnss_files-2.27.so
b6d16000-b6d1c000 rw-p 00000000 00:00 0 
b6d1c000-b6d32000 r-xp 00000000 08:01 30209      /lib/i386-linux-gnu/libnsl-2.27.so
b6d32000-b6d33000 ---p 00016000 08:01 30209      /lib/i386-linux-gnu/libnsl-2.27.so
b6d33000-b6d34000 r--p 00016000 08:01 30209      /lib/i386-linux-gnu/libnsl-2.27.so
b6d34000-b6d35000 rw-p 00017000 08:01 30209      /lib/i386-linux-gnu/libnsl-2.27.so
b6d35000-b6d37000 rw-p 00000000 00:00 0 
b6d37000-b6d43000 r-xp 00000000 08:01 30214      /lib/i386-linux-gnu/libnss_nis-2.27.so
b6d43000-b6d44000 r--p 0000b000 08:01 30214      /lib/i386-linux-gnu/libnss_nis-2.27.so
b6d44000-b6d45000 rw-p 0000c000 08:01 30214      /lib/i386-linux-gnu/libnss_nis-2.27.so
b6d45000-b6d4d000 r-xp 00000000 08:01 30210      /lib/i386-linux-gnu/libnss_compat-2.27.so
b6d4d000-b6d4e000 r--p 00007000 08:01 30210      /lib/i386-linux-gnu/libnss_compat-2.27.so
b6d4e000-b6d4f000 rw-p 00008000 08:01 30210      /lib/i386-linux-gnu/libnss_compat-2.27.so
b6d4f000-b6d50000 r--s 00005000 08:01 142360     /opt/tomcat/apache-tomcat-8.5.20/bin/commons-daemon.jar
b6d50000-b6d52000 r--s 0001b000 08:01 144275     /opt/tomcat/apache-tomcat-8.5.20/lib/catalina-ha.jar
b6d52000-b6d54000 r--s 0000c000 08:01 144274     /opt/tomcat/apache-tomcat-8.5.20/lib/catalina-ant.jar
b6d54000-b6d56000 r--s 00003000 08:01 144273     /opt/tomcat/apache-tomcat-8.5.20/lib/annotations-api.jar
b6d56000-b6d58000 r--p 002d8000 08:01 260439     /usr/lib/locale/locale-archive
b6d58000-b6d5a000 r--p 002dc000 08:01 260439     /usr/lib/locale/locale-archive
b6d5a000-b6d66000 rw-p 00000000 00:00 0 
b6d66000-b6d8a000 r-xp 00000000 08:01 141660     /usr/lib/jvm/jdk1.8.0_141/jre/lib/i386/libjava.so
b6d8a000-b6d8b000 rw-p 00024000 08:01 141660     /usr/lib/jvm/jdk1.8.0_141/jre/lib/i386/libjava.so
b6d8b000-b6d93000 r-xp 00000000 08:01 30219      /lib/i386-linux-gnu/librt-2.27.so
b6d93000-b6d94000 r--p 00007000 08:01 30219      /lib/i386-linux-gnu/librt-2.27.so
b6d94000-b6d95000 rw-p 00008000 08:01 30219      /lib/i386-linux-gnu/librt-2.27.so
b6d95000-b6d96000 ---p 00000000 00:00 0 
b6d96000-b6d99000 ---p 00000000 00:00 0 
b6d99000-b6de6000 rw-p 00000000 00:00 0 
b6de6000-b6ee6000 r-xp 00000000 08:01 30207      /lib/i386-linux-gnu/libm-2.27.so
b6ee6000-b6ee7000 r--p 000ff000 08:01 30207      /lib/i386-linux-gnu/libm-2.27.so
b6ee7000-b6ee8000 rw-p 00100000 08:01 30207      /lib/i386-linux-gnu/libm-2.27.so
b6ee8000-b7879000 r-xp 00000000 08:01 141646     /usr/lib/jvm/jdk1.8.0_141/jre/lib/i386/server/libjvm.so
b7879000-b78e7000 rw-p 00990000 08:01 141646     /usr/lib/jvm/jdk1.8.0_141/jre/lib/i386/server/libjvm.so
b78e7000-b7d11000 rw-p 00000000 00:00 0 
b7d11000-b7ee6000 r-xp 00000000 08:01 30203      /lib/i386-linux-gnu/libc-2.27.so
b7ee6000-b7ee7000 ---p 001d5000 08:01 30203      /lib/i386-linux-gnu/libc-2.27.so
b7ee7000-b7ee9000 r--p 001d5000 08:01 30203      /lib/i386-linux-gnu/libc-2.27.so
b7ee9000-b7eea000 rw-p 001d7000 08:01 30203      /lib/i386-linux-gnu/libc-2.27.so
b7eea000-b7eed000 rw-p 00000000 00:00 0 
b7eed000-b7ef0000 r-xp 00000000 08:01 30206      /lib/i386-linux-gnu/libdl-2.27.so
b7ef0000-b7ef1000 r--p 00002000 08:01 30206      /lib/i386-linux-gnu/libdl-2.27.so
b7ef1000-b7ef2000 rw-p 00003000 08:01 30206      /lib/i386-linux-gnu/libdl-2.27.so
b7ef2000-b7f06000 r-xp 00000000 08:01 141653     /usr/lib/jvm/jdk1.8.0_141/jre/lib/i386/jli/libjli.so
b7f06000-b7f07000 rw-p 00014000 08:01 141653     /usr/lib/jvm/jdk1.8.0_141/jre/lib/i386/jli/libjli.so
b7f07000-b7f22000 r-xp 00000000 08:01 30217      /lib/i386-linux-gnu/libpthread-2.27.so
b7f22000-b7f23000 r--p 0001a000 08:01 30217      /lib/i386-linux-gnu/libpthread-2.27.so
b7f23000-b7f24000 rw-p 0001b000 08:01 30217      /lib/i386-linux-gnu/libpthread-2.27.so
b7f24000-b7f26000 rw-p 00000000 00:00 0 
b7f26000-b7f27000 r--s 00002000 08:01 144286     /opt/tomcat/apache-tomcat-8.5.20/lib/tomcat-api.jar
b7f27000-b7f2f000 rw-s 00000000 08:01 478154     /tmp/hsperfdata_dp2/2925
b7f2f000-b7f30000 rw-p 00000000 00:00 0 
b7f30000-b7f31000 ---p 00000000 00:00 0 
b7f31000-b7f3c000 r-xp 00000000 08:01 141612     /usr/lib/jvm/jdk1.8.0_141/jre/lib/i386/libverify.so
b7f3c000-b7f3d000 rw-p 0000b000 08:01 141612     /usr/lib/jvm/jdk1.8.0_141/jre/lib/i386/libverify.so
b7f3d000-b7f3f000 rw-p 00000000 00:00 0 
b7f3f000-b7f42000 r--p 00000000 00:00 0          [vvar]
b7f42000-b7f44000 r-xp 00000000 00:00 0          [vdso]
b7f44000-b7f6a000 r-xp 00000000 08:01 30199      /lib/i386-linux-gnu/ld-2.27.so
b7f6a000-b7f6b000 r--p 00025000 08:01 30199      /lib/i386-linux-gnu/ld-2.27.so
b7f6b000-b7f6c000 rw-p 00026000 08:01 30199      /lib/i386-linux-gnu/ld-2.27.so
bf8b7000-bf8d9000 rw-p 00000000 00:00 0          [stack]

VM Arguments:
jvm_args: -Dcatalina.home=/opt/tomcat/apache-tomcat-8.5.20 -Dit.polito.dp2.NFV.lab3.Neo4JSimpleXMLURL=http://localhost:8080/Neo4JSimpleXML/webapi -Dit.polito.dp2.NFV.NfvReaderFactory=${NfvInfo.NfvReaderFactory} 
java_command: org.apache.catalina.startup.Bootstrap
java_class_path (initial): /opt/tomcat/apache-tomcat-8.5.20/lib/annotations-api.jar:/opt/tomcat/apache-tomcat-8.5.20/lib/catalina-ant.jar:/opt/tomcat/apache-tomcat-8.5.20/lib/catalina-ha.jar:/opt/tomcat/apache-tomcat-8.5.20/lib/catalina-storeconfig.jar:/opt/tomcat/apache-tomcat-8.5.20/lib/catalina-tribes.jar:/opt/tomcat/apache-tomcat-8.5.20/lib/catalina.jar:/opt/tomcat/apache-tomcat-8.5.20/lib/ecj-4.6.3.jar:/opt/tomcat/apache-tomcat-8.5.20/lib/el-api.jar:/opt/tomcat/apache-tomcat-8.5.20/lib/jasper-el.jar:/opt/tomcat/apache-tomcat-8.5.20/lib/jasper.jar:/opt/tomcat/apache-tomcat-8.5.20/lib/jaspic-api.jar:/opt/tomcat/apache-tomcat-8.5.20/lib/jsp-api.jar:/opt/tomcat/apache-tomcat-8.5.20/lib/servlet-api.jar:/opt/tomcat/apache-tomcat-8.5.20/lib/tomcat-api.jar:/opt/tomcat/apache-tomcat-8.5.20/lib/tomcat-coyote.jar:/opt/tomcat/apache-tomcat-8.5.20/lib/tomcat-dbcp.jar:/opt/tomcat/apache-tomcat-8.5.20/lib/tomcat-i18n-es.jar:/opt/tomcat/apache-tomcat-8.5.20/lib/tomcat-i18n-fr.jar:/opt/tomcat/apache-tomcat-8.5.20/lib/tomcat-i18n-ja.jar:/opt/tomcat/apache-tomcat-8.5.20/lib/tomcat-jdbc.jar:/opt/tomcat/apache-tomcat-8.5.20/lib/tomcat-jni.jar:/opt/tomcat/apache-tomcat-8.5.20/lib/tomcat-util-scan.jar:/opt/tomcat/apache-tomcat-8.5.20/lib/tomcat-util.jar:/opt/tomcat/apache-tomcat-8.5.20/lib/tomcat-websocket.jar:/opt/tomcat/apache-tomcat-8.5.20/lib/websocket-api.jar:/opt/tomcat/apache-tomcat-8.5.20/bin/bootstrap.jar:/opt/tomcat/apache-tomcat-8.5.20/bin/tomcat-juli.jar
Launcher Type: SUN_STANDARD

Environment Variables:
JAVA_HOME=/usr/lib/jvm/jdk1.8.0_141
PATH=/home/dp2/bin:/home/dp2/.local/bin:/usr/local/sbin:/usr/local/bin:/usr/sbin:/usr/bin:/sbin:/bin:/usr/games:/usr/local/games:/opt/tomcat/apache-tomcat-8.5.20/bin:/usr/lib/jvm/jdk1.8.0_141/bin:/opt/apache-ant-1.9.13/bin:/snap/bin
LD_LIBRARY_PATH=/usr/lib/jvm/jdk1.8.0_141/jre/lib/i386/server:/usr/lib/jvm/jdk1.8.0_141/jre/lib/i386:/usr/lib/jvm/jdk1.8.0_141/jre/../lib/i386:/usr/lib/jvm/jdk1.8.0_141/jre/lib/i386/client:/usr/lib/jvm/jdk1.8.0_141/jre/lib/i386:
SHELL=/bin/bash
DISPLAY=:0.0

Signal Handlers:
SIGSEGV: [libjvm.so+0x8dbed0], sa_mask[0]=11111111011111111101111111111110, sa_flags=SA_RESTART|SA_SIGINFO
SIGBUS: [libjvm.so+0x8dbed0], sa_mask[0]=11111111011111111101111111111110, sa_flags=SA_RESTART|SA_SIGINFO
SIGFPE: [libjvm.so+0x758b80], sa_mask[0]=11111111011111111101111111111110, sa_flags=SA_RESTART|SA_SIGINFO
SIGPIPE: [libjvm.so+0x758b80], sa_mask[0]=11111111011111111101111111111110, sa_flags=SA_RESTART|SA_SIGINFO
SIGXFSZ: [libjvm.so+0x758b80], sa_mask[0]=11111111011111111101111111111110, sa_flags=SA_RESTART|SA_SIGINFO
SIGILL: [libjvm.so+0x758b80], sa_mask[0]=11111111011111111101111111111110, sa_flags=SA_RESTART|SA_SIGINFO
SIGUSR1: SIG_DFL, sa_mask[0]=00000000000000000000000000000000, sa_flags=none
SIGUSR2: [libjvm.so+0x75a430], sa_mask[0]=00100000000000000000000000000000, sa_flags=SA_RESTART|SA_SIGINFO
SIGHUP: [libjvm.so+0x75b8e0], sa_mask[0]=11111111011111111101111111111110, sa_flags=SA_RESTART|SA_SIGINFO
SIGINT: [libjvm.so+0x75b8e0], sa_mask[0]=11111111011111111101111111111110, sa_flags=SA_RESTART|SA_SIGINFO
SIGTERM: [libjvm.so+0x75b8e0], sa_mask[0]=11111111011111111101111111111110, sa_flags=SA_RESTART|SA_SIGINFO
SIGQUIT: [libjvm.so+0x75b8e0], sa_mask[0]=11111111011111111101111111111110, sa_flags=SA_RESTART|SA_SIGINFO


---------------  S Y S T E M  ---------------

OS:DISTRIB_ID=Ubuntu
DISTRIB_RELEASE=16.04
DISTRIB_CODENAME=xenial
DISTRIB_DESCRIPTION="Ubuntu 16.04.5 LTS"

uname:Linux 4.15.0-34-generic #37~16.04.1-Ubuntu SMP Tue Aug 28 10:43:57 UTC 2018 i686
libc:glibc 2.27 NPTL 2.27 
rlimit: STACK 8192k, CORE 0k, NPROC 15694, NOFILE 1048576, AS infinity
load average:0,95 0,40 0,45

/proc/meminfo:
MemTotal:        2059972 kB
MemFree:          112552 kB
MemAvailable:      65016 kB
Buffers:            3352 kB
Cached:           192360 kB
SwapCached:        30676 kB
Active:          1376896 kB
Inactive:         485164 kB
Active(anon):    1289456 kB
Inactive(anon):   426952 kB
Active(file):      87440 kB
Inactive(file):    58212 kB
Unevictable:          80 kB
Mlocked:              80 kB
HighTotal:       1187784 kB
HighFree:          15232 kB
LowTotal:         872188 kB
LowFree:           97320 kB
SwapTotal:        998396 kB
SwapFree:         105128 kB
Dirty:              3836 kB
Writeback:             0 kB
AnonPages:       1636144 kB
Mapped:           133656 kB
Shmem:             49980 kB
Slab:              40824 kB
SReclaimable:      18488 kB
SUnreclaim:        22336 kB
KernelStack:        6464 kB
PageTables:        20444 kB
NFS_Unstable:          0 kB
Bounce:                0 kB
WritebackTmp:          0 kB
CommitLimit:     2028380 kB
Committed_AS:    7686028 kB
VmallocTotal:     122880 kB
VmallocUsed:           0 kB
VmallocChunk:          0 kB
AnonHugePages:         0 kB
ShmemHugePages:        0 kB
ShmemPmdMapped:        0 kB
CmaTotal:              0 kB
CmaFree:               0 kB
HugePages_Total:       0
HugePages_Free:        0
HugePages_Rsvd:        0
HugePages_Surp:        0
Hugepagesize:       2048 kB
DirectMap4k:       59384 kB
DirectMap2M:      849920 kB


CPU:total 4 (initial active 4) (4 cores per cpu, 1 threads per core) family 6 model 60 stepping 3, cmov, cx8, fxsr, mmx, sse, sse2, sse3, ssse3, sse4.1, sse4.2, popcnt, avx, avx2, aes, clmul, lzcnt, tsc, tscinvbit

/proc/cpuinfo:
processor	: 0
vendor_id	: GenuineIntel
cpu family	: 6
model		: 60
model name	: Intel(R) Core(TM) i7-4710HQ CPU @ 2.50GHz
stepping	: 3
cpu MHz		: 2494.226
cache size	: 6144 KB
physical id	: 0
siblings	: 4
core id		: 0
cpu cores	: 4
apicid		: 0
initial apicid	: 0
fdiv_bug	: no
f00f_bug	: no
coma_bug	: no
fpu		: yes
fpu_exception	: yes
cpuid level	: 13
wp		: yes
flags		: fpu vme de pse tsc msr pae mce cx8 apic sep mtrr pge mca cmov pat pse36 clflush mmx fxsr sse sse2 ht nx rdtscp constant_tsc xtopology nonstop_tsc cpuid pni pclmulqdq ssse3 cx16 sse4_1 sse4_2 x2apic movbe popcnt aes xsave avx rdrand hypervisor lahf_lm abm fsgsbase avx2 invpcid flush_l1d
bugs		: cpu_meltdown spectre_v1 spectre_v2 spec_store_bypass l1tf
bogomips	: 4988.45
clflush size	: 64
cache_alignment	: 64
address sizes	: 39 bits physical, 48 bits virtual
power management:

processor	: 1
vendor_id	: GenuineIntel
cpu family	: 6
model		: 60
model name	: Intel(R) Core(TM) i7-4710HQ CPU @ 2.50GHz
stepping	: 3
cpu MHz		: 2494.226
cache size	: 6144 KB
physical id	: 0
siblings	: 4
core id		: 1
cpu cores	: 4
apicid		: 1
initial apicid	: 1
fdiv_bug	: no
f00f_bug	: no
coma_bug	: no
fpu		: yes
fpu_exception	: yes
cpuid level	: 13
wp		: yes
flags		: fpu vme de pse tsc msr pae mce cx8 apic sep mtrr pge mca cmov pat pse36 clflush mmx fxsr sse sse2 ht nx rdtscp constant_tsc xtopology nonstop_tsc cpuid pni pclmulqdq ssse3 cx16 sse4_1 sse4_2 x2apic movbe popcnt aes xsave avx rdrand hypervisor lahf_lm abm fsgsbase avx2 invpcid flush_l1d
bugs		: cpu_meltdown spectre_v1 spectre_v2 spec_store_bypass l1tf
bogomips	: 4988.45
clflush size	: 64
cache_alignment	: 64
address sizes	: 39 bits physical, 48 bits virtual
power management:

processor	: 2
vendor_id	: GenuineIntel
cpu family	: 6
model		: 60
model name	: Intel(R) Core(TM) i7-4710HQ CPU @ 2.50GHz
stepping	: 3
cpu MHz		: 2494.226
cache size	: 6144 KB
physical id	: 0
siblings	: 4
core id		: 2
cpu cores	: 4
apicid		: 2
initial apicid	: 2
fdiv_bug	: no
f00f_bug	: no
coma_bug	: no
fpu		: yes
fpu_exception	: yes
cpuid level	: 13
wp		: yes
flags		: fpu vme de pse tsc msr pae mce cx8 apic sep mtrr pge mca cmov pat pse36 clflush mmx fxsr sse sse2 ht nx rdtscp constant_tsc xtopology nonstop_tsc cpuid pni pclmulqdq ssse3 cx16 sse4_1 sse4_2 x2apic movbe popcnt aes xsave avx rdrand hypervisor lahf_lm abm fsgsbase avx2 invpcid flush_l1d
bugs		: cpu_meltdown spectre_v1 spectre_v2 spec_store_bypass l1tf
bogomips	: 4988.45
clflush size	: 64
cache_alignment	: 64
address sizes	: 39 bits physical, 48 bits virtual
power management:

processor	: 3
vendor_id	: GenuineIntel
cpu family	: 6
model		: 60
model name	: Intel(R) Core(TM) i7-4710HQ CPU @ 2.50GHz
stepping	: 3
cpu MHz		: 2494.226
cache size	: 6144 KB
physical id	: 0
siblings	: 4
core id		: 3
cpu cores	: 4
apicid		: 3
initial apicid	: 3
fdiv_bug	: no
f00f_bug	: no
coma_bug	: no
fpu		: yes
fpu_exception	: yes
cpuid level	: 13
wp		: yes
flags		: fpu vme de pse tsc msr pae mce cx8 apic sep mtrr pge mca cmov pat pse36 clflush mmx fxsr sse sse2 ht nx rdtscp constant_tsc xtopology nonstop_tsc cpuid pni pclmulqdq ssse3 cx16 sse4_1 sse4_2 x2apic movbe popcnt aes xsave avx rdrand hypervisor lahf_lm abm fsgsbase avx2 invpcid flush_l1d
bugs		: cpu_meltdown spectre_v1 spectre_v2 spec_store_bypass l1tf
bogomips	: 4988.45
clflush size	: 64
cache_alignment	: 64
address sizes	: 39 bits physical, 48 bits virtual
power management:



Memory: 4k page, physical 2059972k(112428k free), swap 998396k(105128k free)

vm_info: Java HotSpot(TM) Server VM (25.141-b15) for linux-x86 JRE (1.8.0_141-b15), built on Jul 12 2017 04:33:09 by "java_re" with gcc 4.3.0 20080428 (Red Hat 4.3.0-8)

time: Sun Jan 13 22:43:24 2019
elapsed time: 59270 seconds (0d 16h 27m 50s)

